<?xml version="1.0" encoding="UTF-8"?>
<!-- Generated by org.testng.reporters.JUnitReportReporter -->
<testsuite hostname="LAPTOP-ST43654L" failures="0" tests="1" name="parabank_test.Login_Test" time="9.078" errors="0" timestamp="2025-09-22T14:35:51 CST" skipped="0">
  <testcase classname="parabank_test.Login_Test" name="LoginSucessTest" time="9.078"/>
</testsuite> <!-- parabank_test.Login_Test -->
