<?xml version="1.0" encoding="UTF-8"?>
<!-- Generated by org.testng.reporters.JUnitReportReporter -->
<testsuite hostname="LAPTOP-ST43654L" failures="0" tests="2" name="parabank_test.Login_Test" time="17.875" errors="0" timestamp="2025-09-22T13:46:10 CST" skipped="0">
  <testcase classname="parabank_test.Login_Test" name="LoginSucessTest" time="8.405"/>
  <testcase classname="parabank_test.Login_Test" name="LoginFailureTest" time="9.470"/>
</testsuite> <!-- parabank_test.Login_Test -->
